22:53:41.354 [main] INFO  org.testng.internal.Utils - [TestNG] Running:
  /Users/exly/Desktop/Exly/PracticeProject1/master.xml

22:53:44.877 [main] INFO  testCases.TC2_Login - *** starting test execution***
22:57:06.802 [main] INFO  org.testng.internal.Utils - [TestNG] Running:
  /Users/exly/Desktop/Exly/PracticeProject1/master.xml

22:57:09.806 [main] INFO  testCases.TC2_Login - *** starting test execution***
22:57:32.637 [main] INFO  org.testng.internal.Utils - [TestNG] Running:
  /Users/exly/Desktop/Exly/PracticeProject1/master.xml

22:57:35.311 [main] INFO  testCases.TC2_Login - *** starting test execution***
22:57:38.522 [main] ERROR testCases.TC2_Login - test failed due to this error message My Account :
22:58:26.954 [main] INFO  org.testng.internal.Utils - [TestNG] Running:
  /Users/exly/Desktop/Exly/PracticeProject1/master.xml

22:58:29.668 [main] INFO  testCases.TC2_Login - *** starting test execution***
22:58:32.189 [main] ERROR testCases.TC2_Login - test failed due to this error message My Account :
21:27:37.184 [main] INFO  org.testng.internal.Utils - [TestNG] Running:
  /Users/exly/Desktop/Exly/PracticeProject1/master.xml

21:27:41.432 [main] INFO  testCases.Login_DDT - *** starting test execution ***
21:27:42.657 [main] INFO  testCases.Login_DDT - *** starting test execution ***
21:27:52.730 [main] INFO  testCases.Login_DDT - *** starting test execution ***
21:28:02.320 [main] INFO  testCases.Login_DDT - *** starting test execution ***
21:28:02.329 [main] INFO  testCases.Login_DDT - *** starting test execution ***
21:37:33.516 [main] INFO  org.testng.internal.Utils - [TestNG] Running:
  /Users/exly/Desktop/Exly/PracticeProject1/master.xml

21:37:37.211 [main] INFO  testCases.Login_DDT - *** starting test execution ***
21:37:37.712 [main] INFO  testCases.Login_DDT - *** starting test execution ***
21:37:38.563 [main] INFO  testCases.Login_DDT - *** starting test execution ***
21:37:48.888 [main] INFO  testCases.Login_DDT - *** starting test execution ***
21:37:50.992 [main] INFO  testCases.Login_DDT - *** starting test execution ***
21:38:32.643 [main] INFO  org.testng.internal.Utils - [TestNG] Running:
  /Users/exly/Desktop/Exly/PracticeProject1/master.xml

21:38:37.536 [main] INFO  testCases.Login_DDT - *** starting test execution ***
21:38:38.100 [main] INFO  testCases.Login_DDT - *** starting test execution ***
21:38:38.974 [main] INFO  testCases.Login_DDT - *** starting test execution ***
21:38:49.054 [main] INFO  testCases.Login_DDT - *** starting test execution ***
21:38:56.037 [main] INFO  testCases.Login_DDT - *** starting test execution ***
21:41:10.281 [main] INFO  org.testng.internal.Utils - [TestNG] Running:
  /Users/exly/Desktop/Exly/PracticeProject1/master.xml

21:41:15.638 [main] INFO  testCases.Login_DDT - *** starting test execution ***
21:41:16.492 [main] INFO  testCases.Login_DDT - *** starting test execution ***
21:41:17.175 [main] INFO  testCases.Login_DDT - *** starting test execution ***
21:41:27.237 [main] INFO  testCases.Login_DDT - *** starting test execution ***
21:41:35.955 [main] INFO  testCases.Login_DDT - *** starting test execution ***
21:46:50.598 [main] INFO  org.testng.internal.Utils - [TestNG] Running:
  /Users/exly/Desktop/Exly/PracticeProject1/master.xml

21:46:55.522 [main] INFO  testCases.Login_DDT - *** starting test execution ***
21:46:56.128 [main] INFO  testCases.Login_DDT - *** starting test execution ***
21:46:57.011 [main] INFO  testCases.Login_DDT - *** starting test execution ***
21:47:07.194 [main] INFO  testCases.Login_DDT - *** starting test execution ***
21:47:17.311 [main] INFO  testCases.Login_DDT - *** starting test execution ***
21:50:57.701 [main] INFO  org.testng.internal.Utils - [TestNG] Running:
  /Users/exly/Desktop/Exly/PracticeProject1/master.xml

21:51:01.475 [main] INFO  testCases.Login_DDT - *** starting test execution ***
21:51:02.118 [main] INFO  testCases.Login_DDT - *** starting test execution ***
21:51:13.260 [main] INFO  testCases.Login_DDT - *** starting test execution ***
21:51:23.360 [main] INFO  testCases.Login_DDT - *** starting test execution ***
21:51:26.799 [main] INFO  testCases.Login_DDT - *** starting test execution ***
21:56:41.328 [main] INFO  org.testng.internal.Utils - [TestNG] Running:
  /Users/exly/Desktop/Exly/PracticeProject1/master.xml

21:56:46.629 [main] INFO  testCases.Login_DDT - *** starting test execution ***
21:56:52.025 [main] INFO  testCases.Login_DDT - *** starting test execution ***
21:56:52.368 [main] INFO  testCases.Login_DDT - *** starting test execution ***
21:56:53.252 [main] INFO  testCases.Login_DDT - *** starting test execution ***
21:56:54.761 [main] INFO  testCases.Login_DDT - *** starting test execution ***
22:04:20.936 [main] INFO  org.testng.internal.Utils - [TestNG] Running:
  /Users/exly/Desktop/Exly/PracticeProject1/master.xml

22:04:24.738 [main] INFO  testCases.Login_DDT - *** starting test execution ***
22:04:29.632 [main] INFO  testCases.Login_DDT - Login successful for valid data
